# JRE version: OpenJDK Runtime Environment Corretto-17.0.7.7.1 (17.0.7+7) (build 17.0.7+7-LTS)
# Java VM: OpenJDK 64-Bit Server VM Corretto-17.0.7.7.1 (17.0.7+7-LTS, mixed mode, sharing, tiered, compressed oops, compressed class ptrs, g1 gc, windows-amd64)
GC Precious Log:
 CPUs: 4 total, 4 available
 Memory: 12252M
 Large Page Support: Disabled
 NUMA Support: Disabled
 Compressed Oops: Enabled (32-bit)
 Heap Region Size: 1M
 Heap Min Capacity: 256M
 Heap Initial Capacity: 256M
 Heap Max Capacity: 512M
 Pre-touch: Disabled
 Parallel Workers: 4
 Concurrent Workers: 1
 Concurrent Refinement Workers: 4
 Periodic GC: Disabled
Heap:
 garbage-first heap   total 262144K, used 167071K [0x00000000e0000000, 0x0000000100000000)
  region size 1024K, 58 young (59392K), 15 survivors (15360K)
 Metaspace       used 54507K, committed 55168K, reserved 278528K
  class space    used 7364K, committed 7680K, reserved 212992K
GC Heap History (20 events):
Event: 84.220 GC heap before
{Heap before GC invocations=13 (full 0):
 garbage-first heap   total 262144K, used 196408K [0x00000000e0000000, 0x0000000100000000)
  region size 1024K, 153 young (156672K), 17 survivors (17408K)
 Metaspace       used 52318K, committed 52928K, reserved 278528K
  class space    used 7141K, committed 7424K, reserved 212992K
}
Event: 84.236 GC heap after
{Heap after GC invocations=14 (full 0):
 garbage-first heap   total 262144K, used 56698K [0x00000000e0000000, 0x0000000100000000)
  region size 1024K, 10 young (10240K), 10 survivors (10240K)
 Metaspace       used 52318K, committed 52928K, reserved 278528K
  class space    used 7141K, committed 7424K, reserved 212992K
}
Event: 114.990 GC heap before
{Heap before GC invocations=14 (full 0):
 garbage-first heap   total 262144K, used 202106K [0x00000000e0000000, 0x0000000100000000)
  region size 1024K, 153 young (156672K), 10 survivors (10240K)
 Metaspace       used 52620K, committed 53312K, reserved 278528K
  class space    used 7153K, committed 7488K, reserved 212992K
}
Event: 115.005 GC heap after
{Heap after GC invocations=15 (full 0):
 garbage-first heap   total 262144K, used 58229K [0x00000000e0000000, 0x0000000100000000)
  region size 1024K, 12 young (12288K), 12 survivors (12288K)
 Metaspace       used 52620K, committed 53312K, reserved 278528K
  class space    used 7153K, committed 7488K, reserved 212992K
}
Event: 144.485 GC heap before
{Heap before GC invocations=15 (full 0):
 garbage-first heap   total 262144K, used 202613K [0x00000000e0000000, 0x0000000100000000)
  region size 1024K, 153 young (156672K), 12 survivors (12288K)
 Metaspace       used 52749K, committed 53376K, reserved 278528K
  class space    used 7155K, committed 7488K, reserved 212992K
}
Event: 144.487 GC heap after
{Heap after GC invocations=16 (full 0):
 garbage-first heap   total 262144K, used 49886K [0x00000000e0000000, 0x0000000100000000)
  region size 1024K, 2 young (2048K), 2 survivors (2048K)
 Metaspace       used 52749K, committed 53376K, reserved 278528K
  class space    used 7155K, committed 7488K, reserved 212992K
}
Event: 164.846 GC heap before
{Heap before GC invocations=16 (full 0):
 garbage-first heap   total 262144K, used 203486K [0x00000000e0000000, 0x0000000100000000)
  region size 1024K, 153 young (156672K), 2 survivors (2048K)
 Metaspace       used 53060K, committed 53696K, reserved 278528K
  class space    used 7178K, committed 7488K, reserved 212992K
}
Event: 164.858 GC heap after
{Heap after GC invocations=17 (full 0):
 garbage-first heap   total 262144K, used 60544K [0x00000000e0000000, 0x0000000100000000)
  region size 1024K, 13 young (13312K), 13 survivors (13312K)
 Metaspace       used 53060K, committed 53696K, reserved 278528K
  class space    used 7178K, committed 7488K, reserved 212992K
}
Event: 165.663 GC heap before
{Heap before GC invocations=17 (full 0):
 garbage-first heap   total 262144K, used 203904K [0x00000000e0000000, 0x0000000100000000)
  region size 1024K, 153 young (156672K), 13 survivors (13312K)
 Metaspace       used 53070K, committed 53696K, reserved 278528K
  class space    used 7178K, committed 7488K, reserved 212992K
}
Event: 165.683 GC heap after
{Heap after GC invocations=18 (full 0):
 garbage-first heap   total 262144K, used 69549K [0x00000000e0000000, 0x0000000100000000)
  region size 1024K, 9 young (9216K), 9 survivors (9216K)
 Metaspace       used 53070K, committed 53696K, reserved 278528K
  class space    used 7178K, committed 7488K, reserved 212992K
}
Event: 486.170 GC heap before
{Heap before GC invocations=18 (full 0):
 garbage-first heap   total 262144K, used 209837K [0x00000000e0000000, 0x0000000100000000)
  region size 1024K, 147 young (150528K), 9 survivors (9216K)
 Metaspace       used 53410K, committed 54080K, reserved 278528K
  class space    used 7199K, committed 7552K, reserved 212992K
}
Event: 486.191 GC heap after
{Heap after GC invocations=19 (full 0):
 garbage-first heap   total 262144K, used 79216K [0x00000000e0000000, 0x0000000100000000)
  region size 1024K, 19 young (19456K), 19 survivors (19456K)
 Metaspace       used 53410K, committed 54080K, reserved 278528K
  class space    used 7199K, committed 7552K, reserved 212992K
}
Event: 487.255 GC heap before
{Heap before GC invocations=19 (full 0):
 garbage-first heap   total 262144K, used 209264K [0x00000000e0000000, 0x0000000100000000)
  region size 1024K, 146 young (149504K), 19 survivors (19456K)
 Metaspace       used 53419K, committed 54144K, reserved 278528K
  class space    used 7200K, committed 7552K, reserved 212992K
}
Event: 487.276 GC heap after
{Heap after GC invocations=20 (full 0):
 garbage-first heap   total 262144K, used 87782K [0x00000000e0000000, 0x0000000100000000)
  region size 1024K, 9 young (9216K), 9 survivors (9216K)
 Metaspace       used 53419K, committed 54144K, reserved 278528K
  class space    used 7200K, committed 7552K, reserved 212992K
}
Event: 722.420 GC heap before
{Heap before GC invocations=20 (full 0):
 garbage-first heap   total 262144K, used 209638K [0x00000000e0000000, 0x0000000100000000)
  region size 1024K, 128 young (131072K), 9 survivors (9216K)
 Metaspace       used 53597K, committed 54272K, reserved 278528K
  class space    used 7210K, committed 7552K, reserved 212992K
}
Event: 722.433 GC heap after
{Heap after GC invocations=21 (full 0):
 garbage-first heap   total 262144K, used 95462K [0x00000000e0000000, 0x0000000100000000)
  region size 1024K, 16 young (16384K), 16 survivors (16384K)
 Metaspace       used 53597K, committed 54272K, reserved 278528K
  class space    used 7210K, committed 7552K, reserved 212992K
}
Event: 723.346 GC heap before
{Heap before GC invocations=21 (full 0):
 garbage-first heap   total 262144K, used 209126K [0x00000000e0000000, 0x0000000100000000)
  region size 1024K, 128 young (131072K), 16 survivors (16384K)
 Metaspace       used 53602K, committed 54272K, reserved 278528K
  class space    used 7210K, committed 7552K, reserved 212992K
}
Event: 723.363 GC heap after
{Heap after GC invocations=22 (full 0):
 garbage-first heap   total 262144K, used 102580K [0x00000000e0000000, 0x0000000100000000)
  region size 1024K, 15 young (15360K), 15 survivors (15360K)
 Metaspace       used 53602K, committed 54272K, reserved 278528K
  class space    used 7210K, committed 7552K, reserved 212992K
}
Event: 724.123 GC heap before
{Heap before GC invocations=22 (full 0):
 garbage-first heap   total 262144K, used 211124K [0x00000000e0000000, 0x0000000100000000)
  region size 1024K, 121 young (123904K), 15 survivors (15360K)
 Metaspace       used 53605K, committed 54336K, reserved 278528K
  class space    used 7211K, committed 7552K, reserved 212992K
}
Event: 724.138 GC heap after
{Heap after GC invocations=23 (full 0):
 garbage-first heap   total 262144K, used 109727K [0x00000000e0000000, 0x0000000100000000)
  region size 1024K, 15 young (15360K), 15 survivors (15360K)
 Metaspace       used 53605K, committed 54336K, reserved 278528K
  class space    used 7211K, committed 7552K, reserved 212992K
}

