# JRE version: OpenJDK Runtime Environment Corretto-17.0.7.7.1 (17.0.7+7) (build 17.0.7+7-LTS)
# Java VM: OpenJDK 64-Bit Server VM Corretto-17.0.7.7.1 (17.0.7+7-LTS, mixed mode, sharing, tiered, compressed oops, compressed class ptrs, g1 gc, windows-amd64)
GC Precious Log:
 CPUs: 4 total, 4 available
 Memory: 12252M
 Large Page Support: Disabled
 NUMA Support: Disabled
 Compressed Oops: Enabled (32-bit)
 Heap Region Size: 1M
 Heap Min Capacity: 256M
 Heap Initial Capacity: 256M
 Heap Max Capacity: 512M
 Pre-touch: Disabled
 Parallel Workers: 4
 Concurrent Workers: 1
 Concurrent Refinement Workers: 4
 Periodic GC: Disabled
Heap:
 garbage-first heap   total 262144K, used 123622K [0x00000000e0000000, 0x0000000100000000)
  region size 1024K, 64 young (65536K), 9 survivors (9216K)
 Metaspace       used 40773K, committed 41280K, reserved 278528K
  class space    used 5625K, committed 5888K, reserved 212992K
GC Heap History (12 events):
Event: 3.979 GC heap before
{Heap before GC invocations=0 (full 0):
 garbage-first heap   total 262144K, used 13312K [0x00000000e0000000, 0x0000000100000000)
  region size 1024K, 13 young (13312K), 0 survivors (0K)
 Metaspace       used 972K, committed 1088K, reserved 278528K
  class space    used 75K, committed 128K, reserved 212992K
}
Event: 4.200 GC heap after
{Heap after GC invocations=1 (full 0):
 garbage-first heap   total 262144K, used 3728K [0x00000000e0000000, 0x0000000100000000)
  region size 1024K, 2 young (2048K), 2 survivors (2048K)
 Metaspace       used 972K, committed 1088K, reserved 278528K
  class space    used 75K, committed 128K, reserved 212992K
}
Event: 5.900 GC heap before
{Heap before GC invocations=1 (full 0):
 garbage-first heap   total 262144K, used 21136K [0x00000000e0000000, 0x0000000100000000)
  region size 1024K, 17 young (17408K), 2 survivors (2048K)
 Metaspace       used 3833K, committed 4032K, reserved 278528K
  class space    used 475K, committed 576K, reserved 212992K
}
Event: 5.905 GC heap after
{Heap after GC invocations=2 (full 0):
 garbage-first heap   total 262144K, used 9456K [0x00000000e0000000, 0x0000000100000000)
  region size 1024K, 3 young (3072K), 3 survivors (3072K)
 Metaspace       used 3833K, committed 4032K, reserved 278528K
  class space    used 475K, committed 576K, reserved 212992K
}
Event: 7.129 GC heap before
{Heap before GC invocations=2 (full 0):
 garbage-first heap   total 262144K, used 33008K [0x00000000e0000000, 0x0000000100000000)
  region size 1024K, 25 young (25600K), 3 survivors (3072K)
 Metaspace       used 3958K, committed 4160K, reserved 278528K
  class space    used 476K, committed 576K, reserved 212992K
}
Event: 7.132 GC heap after
{Heap after GC invocations=3 (full 0):
 garbage-first heap   total 262144K, used 13690K [0x00000000e0000000, 0x0000000100000000)
  region size 1024K, 4 young (4096K), 4 survivors (4096K)
 Metaspace       used 3958K, committed 4160K, reserved 278528K
  class space    used 476K, committed 576K, reserved 212992K
}
Event: 25.261 GC heap before
{Heap before GC invocations=3 (full 0):
 garbage-first heap   total 262144K, used 142714K [0x00000000e0000000, 0x0000000100000000)
  region size 1024K, 103 young (105472K), 4 survivors (4096K)
 Metaspace       used 21168K, committed 21504K, reserved 278528K
  class space    used 3155K, committed 3328K, reserved 212992K
}
Event: 25.273 GC heap after
{Heap after GC invocations=4 (full 0):
 garbage-first heap   total 262144K, used 53908K [0x00000000e0000000, 0x0000000100000000)
  region size 1024K, 15 young (15360K), 15 survivors (15360K)
 Metaspace       used 21168K, committed 21504K, reserved 278528K
  class space    used 3155K, committed 3328K, reserved 212992K
}
Event: 37.093 GC heap before
{Heap before GC invocations=5 (full 0):
 garbage-first heap   total 262144K, used 158356K [0x00000000e0000000, 0x0000000100000000)
  region size 1024K, 115 young (117760K), 15 survivors (15360K)
 Metaspace       used 35472K, committed 35840K, reserved 278528K
  class space    used 4947K, committed 5120K, reserved 212992K
}
Event: 37.111 GC heap after
{Heap after GC invocations=6 (full 0):
 garbage-first heap   total 262144K, used 62290K [0x00000000e0000000, 0x0000000100000000)
  region size 1024K, 9 young (9216K), 9 survivors (9216K)
 Metaspace       used 35472K, committed 35840K, reserved 278528K
  class space    used 4947K, committed 5120K, reserved 212992K
}
Event: 37.159 GC heap before
{Heap before GC invocations=6 (full 0):
 garbage-first heap   total 262144K, used 63314K [0x00000000e0000000, 0x0000000100000000)
  region size 1024K, 11 young (11264K), 9 survivors (9216K)
 Metaspace       used 35613K, committed 35968K, reserved 278528K
  class space    used 4969K, committed 5120K, reserved 212992K
}
Event: 37.166 GC heap after
{Heap after GC invocations=7 (full 0):
 garbage-first heap   total 262144K, used 62182K [0x00000000e0000000, 0x0000000100000000)
  region size 1024K, 9 young (9216K), 9 survivors (9216K)
 Metaspace       used 35613K, committed 35968K, reserved 278528K
  class space    used 4969K, committed 5120K, reserved 212992K
}

