# JRE version: OpenJDK Runtime Environment Corretto-17.0.7.7.1 (17.0.7+7) (build 17.0.7+7-LTS)
# Java VM: OpenJDK 64-Bit Server VM Corretto-17.0.7.7.1 (17.0.7+7-LTS, mixed mode, sharing, tiered, compressed oops, compressed class ptrs, g1 gc, windows-amd64)
GC Precious Log:
 CPUs: 4 total, 4 available
 Memory: 12252M
 Large Page Support: Disabled
 NUMA Support: Disabled
 Compressed Oops: Enabled (32-bit)
 Heap Region Size: 1M
 Heap Min Capacity: 256M
 Heap Initial Capacity: 256M
 Heap Max Capacity: 512M
 Pre-touch: Disabled
 Parallel Workers: 4
 Concurrent Workers: 1
 Concurrent Refinement Workers: 4
 Periodic GC: Disabled
Heap:
 garbage-first heap   total 262144K, used 194490K [0x00000000e0000000, 0x0000000100000000)
  region size 1024K, 84 young (86016K), 13 survivors (13312K)
 Metaspace       used 58639K, committed 59328K, reserved 278528K
  class space    used 7978K, committed 8320K, reserved 212992K
GC Heap History (20 events):
Event: 6.480 GC heap before
{Heap before GC invocations=2 (full 0):
 garbage-first heap   total 262144K, used 31988K [0x00000000e0000000, 0x0000000100000000)
  region size 1024K, 25 young (25600K), 3 survivors (3072K)
 Metaspace       used 3944K, committed 4096K, reserved 278528K
  class space    used 476K, committed 576K, reserved 212992K
}
Event: 6.485 GC heap after
{Heap after GC invocations=3 (full 0):
 garbage-first heap   total 262144K, used 12819K [0x00000000e0000000, 0x0000000100000000)
  region size 1024K, 4 young (4096K), 4 survivors (4096K)
 Metaspace       used 3944K, committed 4096K, reserved 278528K
  class space    used 476K, committed 576K, reserved 212992K
}
Event: 31.390 GC heap before
{Heap before GC invocations=3 (full 0):
 garbage-first heap   total 262144K, used 124435K [0x00000000e0000000, 0x0000000100000000)
  region size 1024K, 103 young (105472K), 4 survivors (4096K)
 Metaspace       used 21121K, committed 21504K, reserved 278528K
  class space    used 3137K, committed 3328K, reserved 212992K
}
Event: 31.402 GC heap after
{Heap after GC invocations=4 (full 0):
 garbage-first heap   total 262144K, used 34233K [0x00000000e0000000, 0x0000000100000000)
  region size 1024K, 14 young (14336K), 14 survivors (14336K)
 Metaspace       used 21121K, committed 21504K, reserved 278528K
  class space    used 3137K, committed 3328K, reserved 212992K
}
Event: 69.758 GC heap before
{Heap before GC invocations=5 (full 0):
 garbage-first heap   total 262144K, used 139705K [0x00000000e0000000, 0x0000000100000000)
  region size 1024K, 115 young (117760K), 14 survivors (14336K)
 Metaspace       used 35313K, committed 35776K, reserved 278528K
  class space    used 4899K, committed 5120K, reserved 212992K
}
Event: 69.780 GC heap after
{Heap after GC invocations=6 (full 0):
 garbage-first heap   total 262144K, used 42426K [0x00000000e0000000, 0x0000000100000000)
  region size 1024K, 9 young (9216K), 9 survivors (9216K)
 Metaspace       used 35313K, committed 35776K, reserved 278528K
  class space    used 4899K, committed 5120K, reserved 212992K
}
Event: 69.932 GC heap before
{Heap before GC invocations=6 (full 0):
 garbage-first heap   total 262144K, used 44474K [0x00000000e0000000, 0x0000000100000000)
  region size 1024K, 12 young (12288K), 9 survivors (9216K)
 Metaspace       used 35583K, committed 35968K, reserved 278528K
  class space    used 4944K, committed 5120K, reserved 212992K
}
Event: 69.940 GC heap after
{Heap after GC invocations=7 (full 0):
 garbage-first heap   total 262144K, used 41954K [0x00000000e0000000, 0x0000000100000000)
  region size 1024K, 8 young (8192K), 8 survivors (8192K)
 Metaspace       used 35583K, committed 35968K, reserved 278528K
  class space    used 4944K, committed 5120K, reserved 212992K
}
Event: 113.025 GC heap before
{Heap before GC invocations=8 (full 0):
 garbage-first heap   total 262144K, used 197602K [0x00000000e0000000, 0x0000000100000000)
  region size 1024K, 153 young (156672K), 8 survivors (8192K)
 Metaspace       used 47518K, committed 48192K, reserved 278528K
  class space    used 6646K, committed 6976K, reserved 212992K
}
Event: 113.049 GC heap after
{Heap after GC invocations=9 (full 0):
 garbage-first heap   total 262144K, used 61410K [0x00000000e0000000, 0x0000000100000000)
  region size 1024K, 20 young (20480K), 20 survivors (20480K)
 Metaspace       used 47518K, committed 48192K, reserved 278528K
  class space    used 6646K, committed 6976K, reserved 212992K
}
Event: 113.108 GC heap before
{Heap before GC invocations=9 (full 0):
 garbage-first heap   total 262144K, used 62434K [0x00000000e0000000, 0x0000000100000000)
  region size 1024K, 21 young (21504K), 20 survivors (20480K)
 Metaspace       used 47727K, committed 48320K, reserved 278528K
  class space    used 6669K, committed 6976K, reserved 212992K
}
Event: 113.126 GC heap after
{Heap after GC invocations=10 (full 0):
 garbage-first heap   total 262144K, used 62889K [0x00000000e0000000, 0x0000000100000000)
  region size 1024K, 2 young (2048K), 2 survivors (2048K)
 Metaspace       used 47727K, committed 48320K, reserved 278528K
  class space    used 6669K, committed 6976K, reserved 212992K
}
Event: 126.513 GC heap before
{Heap before GC invocations=10 (full 0):
 garbage-first heap   total 262144K, used 222633K [0x00000000e0000000, 0x0000000100000000)
  region size 1024K, 130 young (133120K), 2 survivors (2048K)
 Metaspace       used 54549K, committed 55168K, reserved 278528K
  class space    used 7520K, committed 7808K, reserved 212992K
}
Event: 126.525 GC heap after
{Heap after GC invocations=11 (full 0):
 garbage-first heap   total 262144K, used 104052K [0x00000000e0000000, 0x0000000100000000)
  region size 1024K, 14 young (14336K), 14 survivors (14336K)
 Metaspace       used 54549K, committed 55168K, reserved 278528K
  class space    used 7520K, committed 7808K, reserved 212992K
}
Event: 134.697 GC heap before
{Heap before GC invocations=11 (full 0):
 garbage-first heap   total 262144K, used 205428K [0x00000000e0000000, 0x0000000100000000)
  region size 1024K, 114 young (116736K), 14 survivors (14336K)
 Metaspace       used 54949K, committed 55616K, reserved 278528K
  class space    used 7527K, committed 7808K, reserved 212992K
}
Event: 134.714 GC heap after
{Heap after GC invocations=12 (full 0):
 garbage-first heap   total 262144K, used 110339K [0x00000000e0000000, 0x0000000100000000)
  region size 1024K, 7 young (7168K), 7 survivors (7168K)
 Metaspace       used 54949K, committed 55616K, reserved 278528K
  class space    used 7527K, committed 7808K, reserved 212992K
}
Event: 135.114 GC heap before
{Heap before GC invocations=12 (full 0):
 garbage-first heap   total 262144K, used 210691K [0x00000000e0000000, 0x0000000100000000)
  region size 1024K, 105 young (107520K), 7 survivors (7168K)
 Metaspace       used 55228K, committed 55872K, reserved 278528K
  class space    used 7528K, committed 7808K, reserved 212992K
}
Event: 135.122 GC heap after
{Heap after GC invocations=13 (full 0):
 garbage-first heap   total 262144K, used 114312K [0x00000000e0000000, 0x0000000100000000)
  region size 1024K, 11 young (11264K), 11 survivors (11264K)
 Metaspace       used 55228K, committed 55872K, reserved 278528K
  class space    used 7528K, committed 7808K, reserved 212992K
}
Event: 135.709 GC heap before
{Heap before GC invocations=13 (full 0):
 garbage-first heap   total 262144K, used 212616K [0x00000000e0000000, 0x0000000100000000)
  region size 1024K, 108 young (110592K), 11 survivors (11264K)
 Metaspace       used 55671K, committed 56320K, reserved 278528K
  class space    used 7537K, committed 7808K, reserved 212992K
}
Event: 135.722 GC heap after
{Heap after GC invocations=14 (full 0):
 garbage-first heap   total 262144K, used 122810K [0x00000000e0000000, 0x0000000100000000)
  region size 1024K, 13 young (13312K), 13 survivors (13312K)
 Metaspace       used 55671K, committed 56320K, reserved 278528K
  class space    used 7537K, committed 7808K, reserved 212992K
}

