# JRE version: OpenJDK Runtime Environment Corretto-17.0.7.7.1 (17.0.7+7) (build 17.0.7+7-LTS)
# Java VM: OpenJDK 64-Bit Server VM Corretto-17.0.7.7.1 (17.0.7+7-LTS, mixed mode, sharing, tiered, compressed oops, compressed class ptrs, g1 gc, windows-amd64)
GC Precious Log:
 CPUs: 4 total, 4 available
 Memory: 12252M
 Large Page Support: Disabled
 NUMA Support: Disabled
 Compressed Oops: Enabled (32-bit)
 Heap Region Size: 1M
 Heap Min Capacity: 256M
 Heap Initial Capacity: 256M
 Heap Max Capacity: 512M
 Pre-touch: Disabled
 Parallel Workers: 4
 Concurrent Workers: 1
 Concurrent Refinement Workers: 4
 Periodic GC: Disabled
Heap:
 garbage-first heap   total 262144K, used 157430K [0x00000000e0000000, 0x0000000100000000)
  region size 1024K, 31 young (31744K), 8 survivors (8192K)
 Metaspace       used 66606K, committed 67392K, reserved 278528K
  class space    used 8984K, committed 9344K, reserved 212992K
GC Heap History (20 events):
Event: 42.422 GC heap before
{Heap before GC invocations=5 (full 0):
 garbage-first heap   total 262144K, used 134056K [0x00000000e0000000, 0x0000000100000000)
  region size 1024K, 113 young (115712K), 14 survivors (14336K)
 Metaspace       used 35635K, committed 35968K, reserved 278528K
  class space    used 5057K, committed 5248K, reserved 212992K
}
Event: 42.446 GC heap after
{Heap after GC invocations=6 (full 0):
 garbage-first heap   total 262144K, used 42611K [0x00000000e0000000, 0x0000000100000000)
  region size 1024K, 9 young (9216K), 9 survivors (9216K)
 Metaspace       used 35635K, committed 35968K, reserved 278528K
  class space    used 5057K, committed 5248K, reserved 212992K
}
Event: 62.129 GC heap before
{Heap before GC invocations=7 (full 0):
 garbage-first heap   total 262144K, used 162419K [0x00000000e0000000, 0x0000000100000000)
  region size 1024K, 121 young (123904K), 9 survivors (9216K)
 Metaspace       used 41006K, committed 41472K, reserved 278528K
  class space    used 5716K, committed 5952K, reserved 212992K
}
Event: 62.146 GC heap after
{Heap after GC invocations=8 (full 0):
 garbage-first heap   total 262144K, used 49657K [0x00000000e0000000, 0x0000000100000000)
  region size 1024K, 13 young (13312K), 13 survivors (13312K)
 Metaspace       used 41006K, committed 41472K, reserved 278528K
  class space    used 5716K, committed 5952K, reserved 212992K
}
Event: 91.639 GC heap before
{Heap before GC invocations=8 (full 0):
 garbage-first heap   total 262144K, used 188921K [0x00000000e0000000, 0x0000000100000000)
  region size 1024K, 143 young (146432K), 13 survivors (13312K)
 Metaspace       used 41379K, committed 41920K, reserved 278528K
  class space    used 5758K, committed 6016K, reserved 212992K
}
Event: 91.653 GC heap after
{Heap after GC invocations=9 (full 0):
 garbage-first heap   total 262144K, used 54138K [0x00000000e0000000, 0x0000000100000000)
  region size 1024K, 6 young (6144K), 6 survivors (6144K)
 Metaspace       used 41379K, committed 41920K, reserved 278528K
  class space    used 5758K, committed 6016K, reserved 212992K
}
Event: 104.392 GC heap before
{Heap before GC invocations=9 (full 0):
 garbage-first heap   total 262144K, used 234362K [0x00000000e0000000, 0x0000000100000000)
  region size 1024K, 153 young (156672K), 6 survivors (6144K)
 Metaspace       used 54836K, committed 55552K, reserved 278528K
  class space    used 7716K, committed 8064K, reserved 212992K
}
Event: 104.410 GC heap after
{Heap after GC invocations=10 (full 0):
 garbage-first heap   total 262144K, used 99604K [0x00000000e0000000, 0x0000000100000000)
  region size 1024K, 20 young (20480K), 20 survivors (20480K)
 Metaspace       used 54836K, committed 55552K, reserved 278528K
  class space    used 7716K, committed 8064K, reserved 212992K
}
Event: 113.451 GC heap before
{Heap before GC invocations=10 (full 0):
 garbage-first heap   total 262144K, used 208148K [0x00000000e0000000, 0x0000000100000000)
  region size 1024K, 126 young (129024K), 20 survivors (20480K)
 Metaspace       used 59677K, committed 60352K, reserved 278528K
  class space    used 8237K, committed 8576K, reserved 212992K
}
Event: 113.478 GC heap after
{Heap after GC invocations=11 (full 0):
 garbage-first heap   total 262144K, used 108032K [0x00000000e0000000, 0x0000000100000000)
  region size 1024K, 9 young (9216K), 9 survivors (9216K)
 Metaspace       used 59677K, committed 60352K, reserved 278528K
  class space    used 8237K, committed 8576K, reserved 212992K
}
Event: 114.805 GC heap before
{Heap before GC invocations=11 (full 0):
 garbage-first heap   total 262144K, used 129536K [0x00000000e0000000, 0x0000000100000000)
  region size 1024K, 31 young (31744K), 9 survivors (9216K)
 Metaspace       used 59835K, committed 60480K, reserved 278528K
  class space    used 8240K, committed 8576K, reserved 212992K
}
Event: 114.816 GC heap after
{Heap after GC invocations=12 (full 0):
 garbage-first heap   total 262144K, used 109497K [0x00000000e0000000, 0x0000000100000000)
  region size 1024K, 3 young (3072K), 3 survivors (3072K)
 Metaspace       used 59835K, committed 60480K, reserved 278528K
  class space    used 8240K, committed 8576K, reserved 212992K
}
Event: 118.466 GC heap before
{Heap before GC invocations=13 (full 0):
 garbage-first heap   total 262144K, used 210873K [0x00000000e0000000, 0x0000000100000000)
  region size 1024K, 102 young (104448K), 3 survivors (3072K)
 Metaspace       used 60117K, committed 60800K, reserved 278528K
  class space    used 8237K, committed 8576K, reserved 212992K
}
Event: 118.476 GC heap after
{Heap after GC invocations=14 (full 0):
 garbage-first heap   total 262144K, used 113835K [0x00000000e0000000, 0x0000000100000000)
  region size 1024K, 7 young (7168K), 7 survivors (7168K)
 Metaspace       used 60117K, committed 60800K, reserved 278528K
  class space    used 8237K, committed 8576K, reserved 212992K
}
Event: 119.525 GC heap before
{Heap before GC invocations=14 (full 0):
 garbage-first heap   total 262144K, used 213163K [0x00000000e0000000, 0x0000000100000000)
  region size 1024K, 104 young (106496K), 7 survivors (7168K)
 Metaspace       used 60375K, committed 60992K, reserved 278528K
  class space    used 8239K, committed 8576K, reserved 212992K
}
Event: 119.540 GC heap after
{Heap after GC invocations=15 (full 0):
 garbage-first heap   total 262144K, used 120420K [0x00000000e0000000, 0x0000000100000000)
  region size 1024K, 13 young (13312K), 13 survivors (13312K)
 Metaspace       used 60375K, committed 60992K, reserved 278528K
  class space    used 8239K, committed 8576K, reserved 212992K
}
Event: 120.562 GC heap before
{Heap before GC invocations=15 (full 0):
 garbage-first heap   total 262144K, used 213604K [0x00000000e0000000, 0x0000000100000000)
  region size 1024K, 105 young (107520K), 13 survivors (13312K)
 Metaspace       used 61963K, committed 62656K, reserved 278528K
  class space    used 8440K, committed 8768K, reserved 212992K
}
Event: 120.582 GC heap after
{Heap after GC invocations=16 (full 0):
 garbage-first heap   total 262144K, used 127927K [0x00000000e0000000, 0x0000000100000000)
  region size 1024K, 14 young (14336K), 14 survivors (14336K)
 Metaspace       used 61963K, committed 62656K, reserved 278528K
  class space    used 8440K, committed 8768K, reserved 212992K
}
Event: 137.143 GC heap before
{Heap before GC invocations=16 (full 0):
 garbage-first heap   total 262144K, used 213943K [0x00000000e0000000, 0x0000000100000000)
  region size 1024K, 98 young (100352K), 14 survivors (14336K)
 Metaspace       used 66494K, committed 67264K, reserved 278528K
  class space    used 8964K, committed 9344K, reserved 212992K
}
Event: 137.159 GC heap after
{Heap after GC invocations=17 (full 0):
 garbage-first heap   total 262144K, used 134902K [0x00000000e0000000, 0x0000000100000000)
  region size 1024K, 8 young (8192K), 8 survivors (8192K)
 Metaspace       used 66494K, committed 67264K, reserved 278528K
  class space    used 8964K, committed 9344K, reserved 212992K
}

